<?xml version="1.0" encoding="UTF-8"?>
<testsuite name="ait_qa49.LoginTests" tests="1" skipped="0" failures="0" errors="0" timestamp="2024-12-14T16:18:26" hostname="MacBookAir" time="3.175">
  <properties/>
  <testcase name="loginPositiveTest" classname="ait_qa49.LoginTests" time="3.175"/>
  <system-out><![CDATA[17:18:25.917 [Test worker] INFO  ait_qa49.TestBase -- Start test loginPositiveTest
17:18:26.923 [Test worker] INFO  demo.webshop.utils.MyListener -- Before find elements By.cssSelector: [href='/login']
17:18:26.924 [Test worker] INFO  demo.webshop.utils.MyListener -- ***********************************************************************
17:18:26.955 [Test worker] INFO  demo.webshop.utils.MyListener -- List size is 1
17:18:26.955 [Test worker] INFO  demo.webshop.utils.MyListener -- ***********************************************************************
17:18:26.956 [Test worker] INFO  ait_qa49.TestBase -- Login with data Müleri@gmail.com ***** @NpnD!A8gc99u
17:18:28.967 [Test worker] INFO  demo.webshop.utils.MyListener -- The locator will findBy.cssSelector: [href='/login']
17:18:28.968 [Test worker] INFO  demo.webshop.utils.MyListener -- ***********************************************************************
17:18:28.988 [Test worker] INFO  demo.webshop.utils.MyListener -- The locator found By.cssSelector: [href='/login']
17:18:28.988 [Test worker] INFO  demo.webshop.utils.MyListener -- ***********************************************************************
17:18:29.039 [Test worker] INFO  demo.webshop.utils.MyListener -- The locator will findBy.cssSelector: input#Email
17:18:29.039 [Test worker] INFO  demo.webshop.utils.MyListener -- ***********************************************************************
17:18:29.257 [Test worker] INFO  demo.webshop.utils.MyListener -- The test have a problem
17:18:29.258 [Test worker] INFO  demo.webshop.utils.MyListener -- ***********************************************************************
17:18:29.258 [Test worker] INFO  demo.webshop.utils.MyListener -- Method --> findElement
17:18:29.258 [Test worker] INFO  demo.webshop.utils.MyListener -- ***********************************************************************
17:18:29.259 [Test worker] INFO  demo.webshop.utils.MyListener -- Target exception --> org.openqa.selenium.NoSuchFrameException: Build info: version: '4.26.0', revision: '8ccf0219d7'
System info: os.name: 'Mac OS X', os.arch: 'aarch64', os.version: '15.2', java.version: '17.0.12'
Driver info: org.openqa.selenium.safari.SafariDriver
Command: [8FE844C5-E53D-4627-B8E1-7230A53BF8DF, findElement {using=css selector, value=input#Email}]
Capabilities {acceptInsecureCerts: false, browserName: Safari, browserVersion: 18.2, platformName: mac, safari:automaticInspection: false, safari:automaticProfiling: false, safari:diagnose: false, safari:platformBuildVersion: 24C101, safari:platformVersion: 15.2, safari:useSimulator: false, setWindowRect: true, strictFileInteractability: false, webkit:WebRTC: {DisableICECandidateFiltering: false, DisableInsecureMediaCapture: false}}
Session ID: 8FE844C5-E53D-4627-B8E1-7230A53BF8DF
17:18:29.260 [Test worker] INFO  demo.webshop.utils.MyListener -- ***********************************************************************
17:18:29.260 [Test worker] INFO  demo.webshop.utils.MyListener -- Object target --> SafariDriver: Safari on mac (8FE844C5-E53D-4627-B8E1-7230A53BF8DF)
17:18:29.260 [Test worker] INFO  demo.webshop.utils.MyListener -- ***********************************************************************
17:18:29.766 [Test worker] INFO  demo.webshop.utils.MyListener -- The locator will findBy.cssSelector: input#Email
17:18:29.767 [Test worker] INFO  demo.webshop.utils.MyListener -- ***********************************************************************
17:18:29.795 [Test worker] INFO  demo.webshop.utils.MyListener -- The locator found By.cssSelector: input#Email
17:18:29.795 [Test worker] INFO  demo.webshop.utils.MyListener -- ***********************************************************************
17:18:29.831 [Test worker] INFO  demo.webshop.utils.MyListener -- The locator will findBy.cssSelector: input#Email
17:18:29.831 [Test worker] INFO  demo.webshop.utils.MyListener -- ***********************************************************************
17:18:29.841 [Test worker] INFO  demo.webshop.utils.MyListener -- The locator found By.cssSelector: input#Email
17:18:29.842 [Test worker] INFO  demo.webshop.utils.MyListener -- ***********************************************************************
17:18:29.847 [Test worker] INFO  demo.webshop.utils.MyListener -- The locator will findBy.cssSelector: input#Email
17:18:29.847 [Test worker] INFO  demo.webshop.utils.MyListener -- ***********************************************************************
17:18:29.854 [Test worker] INFO  demo.webshop.utils.MyListener -- The locator found By.cssSelector: input#Email
17:18:29.854 [Test worker] INFO  demo.webshop.utils.MyListener -- ***********************************************************************
17:18:29.981 [Test worker] INFO  demo.webshop.utils.MyListener -- The locator will findBy.cssSelector: input#Password
17:18:29.981 [Test worker] INFO  demo.webshop.utils.MyListener -- ***********************************************************************
17:18:29.990 [Test worker] INFO  demo.webshop.utils.MyListener -- The locator found By.cssSelector: input#Password
17:18:29.990 [Test worker] INFO  demo.webshop.utils.MyListener -- ***********************************************************************
17:18:30.030 [Test worker] INFO  demo.webshop.utils.MyListener -- The locator will findBy.cssSelector: input#Password
17:18:30.030 [Test worker] INFO  demo.webshop.utils.MyListener -- ***********************************************************************
17:18:30.040 [Test worker] INFO  demo.webshop.utils.MyListener -- The locator found By.cssSelector: input#Password
17:18:30.040 [Test worker] INFO  demo.webshop.utils.MyListener -- ***********************************************************************
17:18:30.045 [Test worker] INFO  demo.webshop.utils.MyListener -- The locator will findBy.cssSelector: input#Password
17:18:30.046 [Test worker] INFO  demo.webshop.utils.MyListener -- ***********************************************************************
17:18:30.053 [Test worker] INFO  demo.webshop.utils.MyListener -- The locator found By.cssSelector: input#Password
17:18:30.053 [Test worker] INFO  demo.webshop.utils.MyListener -- ***********************************************************************
17:18:30.086 [Test worker] INFO  demo.webshop.utils.MyListener -- The locator will findBy.cssSelector: [value='Log in']
17:18:30.086 [Test worker] INFO  demo.webshop.utils.MyListener -- ***********************************************************************
17:18:30.092 [Test worker] INFO  demo.webshop.utils.MyListener -- The locator found By.cssSelector: [value='Log in']
17:18:30.092 [Test worker] INFO  demo.webshop.utils.MyListener -- ***********************************************************************
17:18:30.131 [Test worker] INFO  ait_qa49.TestBase -- PASSED: loginPositiveTest
17:18:30.131 [Test worker] INFO  ait_qa49.TestBase -- Stop test
17:18:30.131 [Test worker] INFO  ait_qa49.TestBase -- =============================================================================
]]></system-out>
  <system-err><![CDATA[]]></system-err>
</testsuite>
